<?xml version="1.0" encoding="UTF-8"?>
<testng-results skipped="0" failed="0" ignored="0" total="2" passed="2">
  <reporter-output>
  </reporter-output>
  <suite name="Default suite" duration-ms="72614" started-at="2018-04-16T03:56:34Z" finished-at="2018-04-16T03:57:47Z">
    <groups>
    </groups>
    <test name="Default test" duration-ms="72614" started-at="2018-04-16T03:56:34Z" finished-at="2018-04-16T03:57:47Z">
      <class name="testcases.CreateLead">
        <test-method status="PASS" signature="beforeSuite()[pri:0, instance:testcases.CreateLead@149dace]" name="beforeSuite" is-config="true" duration-ms="883" started-at="2018-04-16T09:26:33Z" finished-at="2018-04-16T09:26:34Z">
          <reporter-output>
          </reporter-output>
        </test-method> <!-- beforeSuite -->
        <test-method status="PASS" signature="setData()[pri:0, instance:testcases.CreateLead@149dace]" name="setData" is-config="true" duration-ms="0" started-at="2018-04-16T09:26:34Z" finished-at="2018-04-16T09:26:34Z">
          <reporter-output>
          </reporter-output>
        </test-method> <!-- setData -->
        <test-method status="PASS" signature="beforeClass()[pri:0, instance:testcases.CreateLead@149dace]" name="beforeClass" is-config="true" duration-ms="2" started-at="2018-04-16T09:26:34Z" finished-at="2018-04-16T09:26:34Z">
          <reporter-output>
          </reporter-output>
        </test-method> <!-- beforeClass -->
        <test-method status="PASS" signature="beforeMethod()[pri:0, instance:testcases.CreateLead@149dace]" name="beforeMethod" is-config="true" duration-ms="12253" started-at="2018-04-16T09:26:36Z" finished-at="2018-04-16T09:26:48Z">
          <reporter-output>
          </reporter-output>
        </test-method> <!-- beforeMethod -->
        <test-method status="PASS" signature="createLead(java.lang.String, java.lang.String, java.lang.String, java.lang.String, java.lang.String, java.lang.String)[pri:0, instance:testcases.CreateLead@149dace]" name="createLead" duration-ms="25058" started-at="2018-04-16T09:26:48Z" data-provider="fetchData" finished-at="2018-04-16T09:27:13Z">
          <params>
            <param index="0">
              <value>
                <![CDATA[DemoSalesManager]]>
              </value>
            </param>
            <param index="1">
              <value>
                <![CDATA[crmsfa]]>
              </value>
            </param>
            <param index="2">
              <value>
                <![CDATA[Demo Sales Manager]]>
              </value>
            </param>
            <param index="3">
              <value>
                <![CDATA[cts]]>
              </value>
            </param>
            <param index="4">
              <value>
                <![CDATA[sai]]>
              </value>
            </param>
            <param index="5">
              <value>
                <![CDATA[k]]>
              </value>
            </param>
          </params>
          <reporter-output>
          </reporter-output>
        </test-method> <!-- createLead -->
        <test-method status="PASS" signature="afterMethod()[pri:0, instance:testcases.CreateLead@149dace]" name="afterMethod" is-config="true" duration-ms="963" started-at="2018-04-16T09:27:13Z" finished-at="2018-04-16T09:27:14Z">
          <reporter-output>
          </reporter-output>
        </test-method> <!-- afterMethod -->
        <test-method status="PASS" signature="beforeMethod()[pri:0, instance:testcases.CreateLead@149dace]" name="beforeMethod" is-config="true" duration-ms="11654" started-at="2018-04-16T09:27:14Z" finished-at="2018-04-16T09:27:25Z">
          <reporter-output>
          </reporter-output>
        </test-method> <!-- beforeMethod -->
        <test-method status="PASS" signature="createLead(java.lang.String, java.lang.String, java.lang.String, java.lang.String, java.lang.String, java.lang.String)[pri:0, instance:testcases.CreateLead@149dace]" name="createLead" duration-ms="20556" started-at="2018-04-16T09:27:25Z" data-provider="fetchData" finished-at="2018-04-16T09:27:46Z">
          <params>
            <param index="0">
              <value>
                <![CDATA[DemoCSR]]>
              </value>
            </param>
            <param index="1">
              <value>
                <![CDATA[crmsfa]]>
              </value>
            </param>
            <param index="2">
              <value>
                <![CDATA[Demo B2B CSR]]>
              </value>
            </param>
            <param index="3">
              <value>
                <![CDATA[FSS]]>
              </value>
            </param>
            <param index="4">
              <value>
                <![CDATA[hari]]>
              </value>
            </param>
            <param index="5">
              <value>
                <![CDATA[n]]>
              </value>
            </param>
          </params>
          <reporter-output>
          </reporter-output>
        </test-method> <!-- createLead -->
        <test-method status="PASS" signature="afterMethod()[pri:0, instance:testcases.CreateLead@149dace]" name="afterMethod" is-config="true" duration-ms="746" started-at="2018-04-16T09:27:46Z" finished-at="2018-04-16T09:27:47Z">
          <reporter-output>
          </reporter-output>
        </test-method> <!-- afterMethod -->
        <test-method status="PASS" signature="afterTest()[pri:0, instance:testcases.CreateLead@149dace]" name="afterTest" is-config="true" duration-ms="0" started-at="2018-04-16T09:27:47Z" finished-at="2018-04-16T09:27:47Z">
          <reporter-output>
          </reporter-output>
        </test-method> <!-- afterTest -->
        <test-method status="PASS" signature="afterSuite()[pri:0, instance:testcases.CreateLead@149dace]" name="afterSuite" is-config="true" duration-ms="1102" started-at="2018-04-16T09:27:47Z" finished-at="2018-04-16T09:27:48Z">
          <reporter-output>
          </reporter-output>
        </test-method> <!-- afterSuite -->
      </class> <!-- testcases.CreateLead -->
    </test> <!-- Default test -->
  </suite> <!-- Default suite -->
</testng-results>
